::1 - - [06/Nov/2023:21:32:47 +0000] "POST /authUser/log-user HTTP/1.1" 201 241 "-" "PostmanRuntime/7.34.0"
::1 - - [06/Nov/2023:21:33:19 +0000] "POST /authUser/log-user HTTP/1.1" 201 241 "-" "PostmanRuntime/7.34.0"
::1 - - [06/Nov/2023:21:35:46 +0000] "POST /withdraw/withdraw-cash HTTP/1.1" 401 26 "-" "PostmanRuntime/7.34.0"
::1 - - [06/Nov/2023:21:36:07 +0000] "POST /withdraw/withdraw-cash HTTP/1.1" 201 302 "-" "PostmanRuntime/7.34.0"
::1 - - [06/Nov/2023:21:42:15 +0000] "GET /withdraw/get-withdrawal HTTP/1.1" 201 266 "-" "PostmanRuntime/7.34.0"
::1 - - [06/Nov/2023:21:52:32 +0000] "GET /withdraw/get-all-withdrawals HTTP/1.1" 401 26 "-" "PostmanRuntime/7.34.0"
::1 - - [06/Nov/2023:21:52:51 +0000] "GET /withdraw/get-all-withdrawals HTTP/1.1" 201 695 "-" "PostmanRuntime/7.34.0"
::1 - - [06/Nov/2023:21:53:34 +0000] "GET /withdraw/get-all-withdrawals HTTP/1.1" 201 265 "-" "PostmanRuntime/7.34.0"
::1 - - [06/Nov/2023:21:54:46 +0000] "GET /withdraw/get-all-withdrawals HTTP/1.1" 201 264 "-" "PostmanRuntime/7.34.0"
::1 - - [14/Nov/2023:08:57:54 +0000] "POST /authUser/log-user HTTP/1.1" 201 242 "-" "PostmanRuntime/7.35.0"
::1 - - [14/Nov/2023:08:58:02 +0000] "POST /authUser/log-user HTTP/1.1" 500 58 "-" "PostmanRuntime/7.35.0"
::1 - - [14/Nov/2023:08:59:42 +0000] "POST /authUser/log-user HTTP/1.1" 400 27 "-" "PostmanRuntime/7.35.0"
::1 - - [14/Nov/2023:08:59:56 +0000] "POST /authUser/log-user HTTP/1.1" 500 58 "-" "PostmanRuntime/7.35.0"
::1 - - [14/Nov/2023:09:03:21 +0000] "POST /authUser/log-user HTTP/1.1" 400 34 "-" "PostmanRuntime/7.35.0"
::1 - - [14/Nov/2023:09:14:28 +0000] "POST /authUser/log-user HTTP/1.1" 400 34 "-" "PostmanRuntime/7.35.0"
::1 - - [14/Nov/2023:09:37:28 +0000] "POST /authUser/log-user HTTP/1.1" 201 242 "-" "PostmanRuntime/7.35.0"
::1 - - [14/Nov/2023:09:37:55 +0000] "POST /authUser/send-reset-link HTTP/1.1" 201 57 "-" "PostmanRuntime/7.35.0"
::1 - - [14/Nov/2023:09:38:09 +0000] "POST /authUser/send-reset-link HTTP/1.1" 400 41 "-" "PostmanRuntime/7.35.0"
::1 - - [14/Nov/2023:09:38:59 +0000] "POST /authUser/send-reset-link HTTP/1.1" 400 41 "-" "PostmanRuntime/7.35.0"
::1 - - [14/Nov/2023:09:39:44 +0000] "POST /authUser/send-reset-link HTTP/1.1" 400 41 "-" "PostmanRuntime/7.35.0"
::1 - - [14/Nov/2023:09:40:34 +0000] "POST /authUser/send-reset-link HTTP/1.1" 400 27 "-" "PostmanRuntime/7.35.0"
::1 - - [14/Nov/2023:09:42:56 +0000] "PUT /authUser/reset-password/eyJhbGciOiJIUzI1NiIsInR5cCI6IkpXVCJ9.eyJlbWFpbCI6ImZhZGVqb2pvMDUzQGdtYWlsLmNvbSIsImlhdCI6MTY5OTk1NDY3NSwiZXhwIjoxNzAwMDQxMDc1fQ.RVKZR2J_jGJRRPwtuwrEepQ5GWHAPwT47MMNUf4RjBY HTTP/1.1" 400 33 "-" "PostmanRuntime/7.35.0"
::1 - - [14/Nov/2023:09:43:03 +0000] "PUT /authUser/reset-password/eyJhbGciOiJIUzI1NiIsInR5cCI6IkpXVCJ9.eyJlbWFpbCI6ImZhZGVqb2pvMDUzQGdtYWlsLmNvbSIsImlhdCI6MTY5OTk1NDY3NSwiZXhwIjoxNzAwMDQxMDc1fQ.RVKZR2J_jGJRRPwtuwrEepQ5GWHAPwT47MMNUf4RjBY HTTP/1.1" 201 52 "-" "PostmanRuntime/7.35.0"
::1 - - [14/Nov/2023:09:43:13 +0000] "POST /authUser/log-user HTTP/1.1" 201 244 "-" "PostmanRuntime/7.35.0"
::1 - - [14/Nov/2023:09:45:56 +0000] "PUT /authUser/reset-password/eyJhbGciOiJIUzI1NiIsInR5cCI6IkpXVCJ9.eyJlbWFpbCI6ImZhZGVqb2pvMDUzQGdtYWlsLmNvbSIsImlhdCI6MTY5OTk1NDY3NSwiZXhwIjoxNzAwMDQxMDc1fQ.RVKZR2J_jGJRRPwtuwrEepQ5GWHAPwT47MMNUf4RjBY HTTP/1.1" 400 33 "-" "PostmanRuntime/7.35.0"
::1 - - [14/Nov/2023:11:11:31 +0000] "POST /superAdmin/login HTTP/1.1" 400 27 "-" "PostmanRuntime/7.35.0"
::1 - - [14/Nov/2023:11:13:09 +0000] "POST /superAdmin/login HTTP/1.1" 400 27 "-" "PostmanRuntime/7.35.0"
::1 - - [14/Nov/2023:11:17:14 +0000] "POST /superAdmin/login HTTP/1.1" 400 27 "-" "PostmanRuntime/7.35.0"
::1 - - [14/Nov/2023:11:17:38 +0000] "POST /superAdmin/login HTTP/1.1" 400 27 "-" "PostmanRuntime/7.35.0"
::1 - - [14/Nov/2023:11:22:54 +0000] "POST /superAdmin/login HTTP/1.1" 400 27 "-" "PostmanRuntime/7.35.0"
::1 - - [14/Nov/2023:11:28:40 +0000] "POST /superAdmin/login HTTP/1.1" 500 78 "-" "PostmanRuntime/7.35.0"
::1 - - [14/Nov/2023:11:32:03 +0000] "POST /superAdmin/login HTTP/1.1" 500 78 "-" "PostmanRuntime/7.35.0"
::1 - - [14/Nov/2023:11:32:41 +0000] "POST /superAdmin/login HTTP/1.1" 201 252 "-" "PostmanRuntime/7.35.0"
::1 - - [14/Nov/2023:11:39:23 +0000] "POST /superAdmin/send-token HTTP/1.1" 500 130 "-" "PostmanRuntime/7.35.0"
::1 - - [14/Nov/2023:11:40:15 +0000] "POST /superAdmin/send-token HTTP/1.1" 400 56 "-" "PostmanRuntime/7.35.0"
::1 - - [14/Nov/2023:11:41:46 +0000] "POST /superAdmin/send-token HTTP/1.1" 400 27 "-" "PostmanRuntime/7.35.0"
::1 - - [14/Nov/2023:11:42:27 +0000] "POST /superAdmin/send-token HTTP/1.1" 400 27 "-" "PostmanRuntime/7.35.0"
::1 - - [14/Nov/2023:11:43:05 +0000] "POST /superAdmin/send-token HTTP/1.1" 400 27 "-" "PostmanRuntime/7.35.0"
::1 - - [14/Nov/2023:11:43:49 +0000] "POST /superAdmin/send-token HTTP/1.1" 400 27 "-" "PostmanRuntime/7.35.0"
::1 - - [14/Nov/2023:11:44:27 +0000] "POST /superAdmin/send-token HTTP/1.1" 400 27 "-" "PostmanRuntime/7.35.0"
::1 - - [14/Nov/2023:11:46:16 +0000] "POST /superAdmin/send-token HTTP/1.1" 201 57 "-" "PostmanRuntime/7.35.0"
::1 - - [16/Nov/2023:06:23:30 +0000] "POST /superAdmin/login HTTP/1.1" 201 252 "-" "PostmanRuntime/7.35.0"
::1 - - [16/Nov/2023:06:24:04 +0000] "POST /superAdmin/send-token HTTP/1.1" 201 57 "-" "PostmanRuntime/7.35.0"
::1 - - [16/Nov/2023:06:46:11 +0000] "POST /superAdmin/send-token HTTP/1.1" 201 47 "-" "PostmanRuntime/7.35.0"
::1 - - [16/Nov/2023:06:46:43 +0000] "POST /superAdmin/send-token HTTP/1.1" 201 47 "-" "PostmanRuntime/7.35.0"
::1 - - [16/Nov/2023:06:49:34 +0000] "POST /superAdmin/send-token HTTP/1.1" 201 47 "-" "PostmanRuntime/7.35.0"
::1 - - [16/Nov/2023:06:51:04 +0000] "POST /admin/create-admin-account HTTP/1.1" 400 27 "-" "PostmanRuntime/7.35.0"
::1 - - [16/Nov/2023:06:52:23 +0000] "POST /admin/create-admin-account HTTP/1.1" 400 27 "-" "PostmanRuntime/7.35.0"
::1 - - [16/Nov/2023:06:53:49 +0000] "POST /admin/create-admin-account HTTP/1.1" 201 141 "-" "PostmanRuntime/7.35.0"
::1 - - [16/Nov/2023:07:07:27 +0000] "POST /admin/create-admin-account HTTP/1.1" - - "-" "PostmanRuntime/7.35.0"
::1 - - [16/Nov/2023:07:09:21 +0000] "POST /admin/create-admin-account HTTP/1.1" - - "-" "PostmanRuntime/7.35.0"
::1 - - [16/Nov/2023:07:11:06 +0000] "POST /admin/create-admin-account HTTP/1.1" - - "-" "PostmanRuntime/7.35.0"
::1 - - [16/Nov/2023:07:12:21 +0000] "POST /admin/create-admin-account HTTP/1.1" - - "-" "PostmanRuntime/7.35.0"
::1 - - [17/Nov/2023:08:02:21 +0000] "POST /superAdmin/login HTTP/1.1" - - "-" "PostmanRuntime/7.35.0"
::1 - - [17/Nov/2023:08:02:57 +0000] "POST /superAdmin/login HTTP/1.1" - - "-" "PostmanRuntime/7.35.0"
::1 - - [17/Nov/2023:08:06:01 +0000] "POST /superAdmin/login HTTP/1.1" - - "-" "PostmanRuntime/7.35.0"
::1 - - [17/Nov/2023:08:10:14 +0000] "POST /superAdmin/login HTTP/1.1" - - "-" "PostmanRuntime/7.35.0"
::1 - - [17/Nov/2023:08:14:35 +0000] "POST /superAdmin/login HTTP/1.1" - - "-" "PostmanRuntime/7.35.0"
::1 - - [17/Nov/2023:08:23:31 +0000] "POST /admin/create-admin-account HTTP/1.1" - - "-" "PostmanRuntime/7.35.0"
::1 - - [17/Nov/2023:08:23:35 +0000] "POST /superAdmin/login HTTP/1.1" - - "-" "PostmanRuntime/7.35.0"
::1 - - [17/Nov/2023:08:26:15 +0000] "POST /superAdmin/login HTTP/1.1" 201 252 "-" "PostmanRuntime/7.35.0"
